2018-10-31T11:35:18.073Z - [32minfo[39m: Data Base connection success ...
2018-10-31T11:35:18.098Z - [31merror[39m: uncaughtException: expected 0 to deeply equal 1 date=Wed Oct 31 2018 15:35:18 GMT+0400 (+04), pid=29720, uid=10891, gid=10030, cwd=/home/armine_ha/Desktop/integration-microservice, execPath=/home/armine_ha/.nvm/versions/node/v6.11.3/bin/node, version=v6.11.3, argv=[/home/armine_ha/.nvm/versions/node/v6.11.3/bin/node, /home/armine_ha/Desktop/integration-microservice/node_modules/mocha/bin/_mocha, --reporter, spec, --compilers, ts:ts-node/register, tests/**/*.test.ts], rss=90828800, heapTotal=65052672, heapUsed=52291928, external=1028080, loadavg=[2.0185546875, 1.31640625, 1.20703125], uptime=106818, trace=[column=43, file=/home/armine_ha/Desktop/integration-microservice/tests/integrationRouter.test.ts, function=chai.request.get.set.end, line=65, method=end, native=false, column=12, file=/home/armine_ha/Desktop/integration-microservice/node_modules/superagent/lib/node/index.js, function=Test.Request.callback, line=716, method=callback, native=false, column=18, file=/home/armine_ha/Desktop/integration-microservice/node_modules/superagent/lib/node/index.js, function=parser, line=916, method=null, native=false, column=7, file=/home/armine_ha/Desktop/integration-microservice/node_modules/superagent/lib/node/parsers/json.js, function=IncomingMessage.res.on.e, line=19, method=e, native=false, column=20, file=events.js, function=emitNone, line=91, method=null, native=false, column=7, file=events.js, function=IncomingMessage.emit, line=185, method=emit, native=false, column=12, file=_stream_readable.js, function=endReadableNT, line=974, method=null, native=false, column=11, file=internal/process/next_tick.js, function=_combinedTickCallback, line=80, method=null, native=false, column=9, file=internal/process/next_tick.js, function=process._tickCallback, line=104, method=_tickCallback, native=false], stack=[AssertionError: expected 0 to deeply equal 1,     at chai.request.get.set.end (/home/armine_ha/Desktop/integration-microservice/tests/integrationRouter.test.ts:65:43),     at Test.Request.callback (/home/armine_ha/Desktop/integration-microservice/node_modules/superagent/lib/node/index.js:716:12),     at parser (/home/armine_ha/Desktop/integration-microservice/node_modules/superagent/lib/node/index.js:916:18),     at IncomingMessage.res.on.e (/home/armine_ha/Desktop/integration-microservice/node_modules/superagent/lib/node/parsers/json.js:19:7),     at emitNone (events.js:91:20),     at IncomingMessage.emit (events.js:185:7),     at endReadableNT (_stream_readable.js:974:12),     at _combinedTickCallback (internal/process/next_tick.js:80:11),     at process._tickCallback (internal/process/next_tick.js:104:9)]
2018-10-31T11:35:18.128Z - [31merror[39m: uncaughtException: expected { Object (domain, _events, ...) } to have status code 401 but got 200 date=Wed Oct 31 2018 15:35:18 GMT+0400 (+04), pid=29720, uid=10891, gid=10030, cwd=/home/armine_ha/Desktop/integration-microservice, execPath=/home/armine_ha/.nvm/versions/node/v6.11.3/bin/node, version=v6.11.3, argv=[/home/armine_ha/.nvm/versions/node/v6.11.3/bin/node, /home/armine_ha/Desktop/integration-microservice/node_modules/mocha/bin/_mocha, --reporter, spec, --compilers, ts:ts-node/register, tests/**/*.test.ts], rss=93257728, heapTotal=67149824, heapUsed=50178792, external=58974, loadavg=[2.0185546875, 1.31640625, 1.20703125], uptime=106818, trace=[column=33, file=/home/armine_ha/Desktop/integration-microservice/tests/integrationRouter.test.ts, function=chai.request.get.end, line=97, method=end, native=false, column=12, file=/home/armine_ha/Desktop/integration-microservice/node_modules/superagent/lib/node/index.js, function=Test.Request.callback, line=716, method=callback, native=false, column=18, file=/home/armine_ha/Desktop/integration-microservice/node_modules/superagent/lib/node/index.js, function=parser, line=916, method=null, native=false, column=7, file=/home/armine_ha/Desktop/integration-microservice/node_modules/superagent/lib/node/parsers/json.js, function=IncomingMessage.res.on.e, line=19, method=e, native=false, column=20, file=events.js, function=emitNone, line=91, method=null, native=false, column=7, file=events.js, function=IncomingMessage.emit, line=185, method=emit, native=false, column=12, file=_stream_readable.js, function=endReadableNT, line=974, method=null, native=false, column=11, file=internal/process/next_tick.js, function=_combinedTickCallback, line=80, method=null, native=false, column=9, file=internal/process/next_tick.js, function=process._tickCallback, line=104, method=_tickCallback, native=false], stack=[AssertionError: expected { Object (domain, _events, ...) } to have status code 401 but got 200,     at chai.request.get.end (/home/armine_ha/Desktop/integration-microservice/tests/integrationRouter.test.ts:97:33),     at Test.Request.callback (/home/armine_ha/Desktop/integration-microservice/node_modules/superagent/lib/node/index.js:716:12),     at parser (/home/armine_ha/Desktop/integration-microservice/node_modules/superagent/lib/node/index.js:916:18),     at IncomingMessage.res.on.e (/home/armine_ha/Desktop/integration-microservice/node_modules/superagent/lib/node/parsers/json.js:19:7),     at emitNone (events.js:91:20),     at IncomingMessage.emit (events.js:185:7),     at endReadableNT (_stream_readable.js:974:12),     at _combinedTickCallback (internal/process/next_tick.js:80:11),     at process._tickCallback (internal/process/next_tick.js:104:9)]
2018-10-31T11:35:18.138Z - [31merror[39m: uncaughtException: expected { Object (domain, _events, ...) } to have status code 403 but got 200 date=Wed Oct 31 2018 15:35:18 GMT+0400 (+04), pid=29720, uid=10891, gid=10030, cwd=/home/armine_ha/Desktop/integration-microservice, execPath=/home/armine_ha/.nvm/versions/node/v6.11.3/bin/node, version=v6.11.3, argv=[/home/armine_ha/.nvm/versions/node/v6.11.3/bin/node, /home/armine_ha/Desktop/integration-microservice/node_modules/mocha/bin/_mocha, --reporter, spec, --compilers, ts:ts-node/register, tests/**/*.test.ts], rss=95690752, heapTotal=67149824, heapUsed=52629240, external=59440, loadavg=[2.0185546875, 1.31640625, 1.20703125], uptime=106818, trace=[column=33, file=/home/armine_ha/Desktop/integration-microservice/tests/integrationRouter.test.ts, function=chai.request.get.set.end, line=109, method=end, native=false, column=12, file=/home/armine_ha/Desktop/integration-microservice/node_modules/superagent/lib/node/index.js, function=Test.Request.callback, line=716, method=callback, native=false, column=18, file=/home/armine_ha/Desktop/integration-microservice/node_modules/superagent/lib/node/index.js, function=parser, line=916, method=null, native=false, column=7, file=/home/armine_ha/Desktop/integration-microservice/node_modules/superagent/lib/node/parsers/json.js, function=IncomingMessage.res.on.e, line=19, method=e, native=false, column=20, file=events.js, function=emitNone, line=91, method=null, native=false, column=7, file=events.js, function=IncomingMessage.emit, line=185, method=emit, native=false, column=12, file=_stream_readable.js, function=endReadableNT, line=974, method=null, native=false, column=11, file=internal/process/next_tick.js, function=_combinedTickCallback, line=80, method=null, native=false, column=9, file=internal/process/next_tick.js, function=process._tickCallback, line=104, method=_tickCallback, native=false], stack=[AssertionError: expected { Object (domain, _events, ...) } to have status code 403 but got 200,     at chai.request.get.set.end (/home/armine_ha/Desktop/integration-microservice/tests/integrationRouter.test.ts:109:33),     at Test.Request.callback (/home/armine_ha/Desktop/integration-microservice/node_modules/superagent/lib/node/index.js:716:12),     at parser (/home/armine_ha/Desktop/integration-microservice/node_modules/superagent/lib/node/index.js:916:18),     at IncomingMessage.res.on.e (/home/armine_ha/Desktop/integration-microservice/node_modules/superagent/lib/node/parsers/json.js:19:7),     at emitNone (events.js:91:20),     at IncomingMessage.emit (events.js:185:7),     at endReadableNT (_stream_readable.js:974:12),     at _combinedTickCallback (internal/process/next_tick.js:80:11),     at process._tickCallback (internal/process/next_tick.js:104:9)]
