2018-10-31T14:27:16.064Z - [32minfo[39m: Data Base connection success ...
2018-10-31T14:27:16.113Z - [31merror[39m: uncaughtException: expected { Object (domain, _events, ...) } to have status code 401 but got 200 date=Wed Oct 31 2018 18:27:16 GMT+0400 (+04), pid=11563, uid=10891, gid=10030, cwd=/home/armine_ha/Desktop/integration-microservice, execPath=/home/armine_ha/.nvm/versions/node/v6.11.3/bin/node, version=v6.11.3, argv=[/home/armine_ha/.nvm/versions/node/v6.11.3/bin/node, /home/armine_ha/Desktop/integration-microservice/node_modules/mocha/bin/_mocha, --reporter, spec, --compilers, ts:ts-node/register, tests/**/*.test.ts], rss=174112768, heapTotal=125472768, heapUsed=95950384, external=175275, loadavg=[0.7685546875, 0.85595703125, 0.89892578125], uptime=117136, trace=[column=33, file=/home/armine_ha/Desktop/integration-microservice/tests/integrationRouter.test.ts, function=chai.request.get.end, line=99, method=end, native=false, column=12, file=/home/armine_ha/Desktop/integration-microservice/node_modules/superagent/lib/node/index.js, function=Test.Request.callback, line=716, method=callback, native=false, column=18, file=/home/armine_ha/Desktop/integration-microservice/node_modules/superagent/lib/node/index.js, function=parser, line=916, method=null, native=false, column=7, file=/home/armine_ha/Desktop/integration-microservice/node_modules/superagent/lib/node/parsers/json.js, function=IncomingMessage.res.on.e, line=19, method=e, native=false, column=20, file=events.js, function=emitNone, line=91, method=null, native=false, column=7, file=events.js, function=IncomingMessage.emit, line=185, method=emit, native=false, column=12, file=_stream_readable.js, function=endReadableNT, line=974, method=null, native=false, column=11, file=internal/process/next_tick.js, function=_combinedTickCallback, line=80, method=null, native=false, column=9, file=internal/process/next_tick.js, function=process._tickCallback, line=104, method=_tickCallback, native=false], stack=[AssertionError: expected { Object (domain, _events, ...) } to have status code 401 but got 200,     at chai.request.get.end (/home/armine_ha/Desktop/integration-microservice/tests/integrationRouter.test.ts:99:33),     at Test.Request.callback (/home/armine_ha/Desktop/integration-microservice/node_modules/superagent/lib/node/index.js:716:12),     at parser (/home/armine_ha/Desktop/integration-microservice/node_modules/superagent/lib/node/index.js:916:18),     at IncomingMessage.res.on.e (/home/armine_ha/Desktop/integration-microservice/node_modules/superagent/lib/node/parsers/json.js:19:7),     at emitNone (events.js:91:20),     at IncomingMessage.emit (events.js:185:7),     at endReadableNT (_stream_readable.js:974:12),     at _combinedTickCallback (internal/process/next_tick.js:80:11),     at process._tickCallback (internal/process/next_tick.js:104:9)]
2018-10-31T14:27:16.123Z - [31merror[39m: uncaughtException: expected { Object (domain, _events, ...) } to have status code 403 but got 200 date=Wed Oct 31 2018 18:27:16 GMT+0400 (+04), pid=11563, uid=10891, gid=10030, cwd=/home/armine_ha/Desktop/integration-microservice, execPath=/home/armine_ha/.nvm/versions/node/v6.11.3/bin/node, version=v6.11.3, argv=[/home/armine_ha/.nvm/versions/node/v6.11.3/bin/node, /home/armine_ha/Desktop/integration-microservice/node_modules/mocha/bin/_mocha, --reporter, spec, --compilers, ts:ts-node/register, tests/**/*.test.ts], rss=174383104, heapTotal=125472768, heapUsed=98532264, external=175741, loadavg=[0.7685546875, 0.85595703125, 0.89892578125], uptime=117136, trace=[column=33, file=/home/armine_ha/Desktop/integration-microservice/tests/integrationRouter.test.ts, function=chai.request.get.set.end, line=111, method=end, native=false, column=12, file=/home/armine_ha/Desktop/integration-microservice/node_modules/superagent/lib/node/index.js, function=Test.Request.callback, line=716, method=callback, native=false, column=18, file=/home/armine_ha/Desktop/integration-microservice/node_modules/superagent/lib/node/index.js, function=parser, line=916, method=null, native=false, column=7, file=/home/armine_ha/Desktop/integration-microservice/node_modules/superagent/lib/node/parsers/json.js, function=IncomingMessage.res.on.e, line=19, method=e, native=false, column=20, file=events.js, function=emitNone, line=91, method=null, native=false, column=7, file=events.js, function=IncomingMessage.emit, line=185, method=emit, native=false, column=12, file=_stream_readable.js, function=endReadableNT, line=974, method=null, native=false, column=11, file=internal/process/next_tick.js, function=_combinedTickCallback, line=80, method=null, native=false, column=9, file=internal/process/next_tick.js, function=process._tickCallback, line=104, method=_tickCallback, native=false], stack=[AssertionError: expected { Object (domain, _events, ...) } to have status code 403 but got 200,     at chai.request.get.set.end (/home/armine_ha/Desktop/integration-microservice/tests/integrationRouter.test.ts:111:33),     at Test.Request.callback (/home/armine_ha/Desktop/integration-microservice/node_modules/superagent/lib/node/index.js:716:12),     at parser (/home/armine_ha/Desktop/integration-microservice/node_modules/superagent/lib/node/index.js:916:18),     at IncomingMessage.res.on.e (/home/armine_ha/Desktop/integration-microservice/node_modules/superagent/lib/node/parsers/json.js:19:7),     at emitNone (events.js:91:20),     at IncomingMessage.emit (events.js:185:7),     at endReadableNT (_stream_readable.js:974:12),     at _combinedTickCallback (internal/process/next_tick.js:80:11),     at process._tickCallback (internal/process/next_tick.js:104:9)]
2018-10-31T14:27:16.130Z - [31merror[39m: uncaughtException: expected { Object (code, message) } to have property 'message' of 'Invalid request parameters', but got 'Invalid request parameterserror: invalid input value for enum platforms: "Zaza"error: invalid input value for enum platforms: "Zaza"error: invalid input value for enum platforms: "Zaza"' date=Wed Oct 31 2018 18:27:16 GMT+0400 (+04), pid=11563, uid=10891, gid=10030, cwd=/home/armine_ha/Desktop/integration-microservice, execPath=/home/armine_ha/.nvm/versions/node/v6.11.3/bin/node, version=v6.11.3, argv=[/home/armine_ha/.nvm/versions/node/v6.11.3/bin/node, /home/armine_ha/Desktop/integration-microservice/node_modules/mocha/bin/_mocha, --reporter, spec, --compilers, ts:ts-node/register, tests/**/*.test.ts], rss=174653440, heapTotal=125472768, heapUsed=99228432, external=185142, loadavg=[0.7685546875, 0.85595703125, 0.89892578125], uptime=117136, trace=[column=44, file=/home/armine_ha/Desktop/integration-microservice/tests/integrationRouter.test.ts, function=chai.request.get.end, line=143, method=end, native=false, column=12, file=/home/armine_ha/Desktop/integration-microservice/node_modules/superagent/lib/node/index.js, function=Test.Request.callback, line=716, method=callback, native=false, column=18, file=/home/armine_ha/Desktop/integration-microservice/node_modules/superagent/lib/node/index.js, function=parser, line=916, method=null, native=false, column=7, file=/home/armine_ha/Desktop/integration-microservice/node_modules/superagent/lib/node/parsers/json.js, function=IncomingMessage.res.on.e, line=19, method=e, native=false, column=20, file=events.js, function=emitNone, line=91, method=null, native=false, column=7, file=events.js, function=IncomingMessage.emit, line=185, method=emit, native=false, column=12, file=_stream_readable.js, function=endReadableNT, line=974, method=null, native=false, column=11, file=internal/process/next_tick.js, function=_combinedTickCallback, line=80, method=null, native=false, column=9, file=internal/process/next_tick.js, function=process._tickCallback, line=104, method=_tickCallback, native=false], stack=[AssertionError: expected { Object (code, message) } to have property 'message' of 'Invalid request parameters', but got 'Invalid request parameterserror: invalid input value for enum platforms: "Zaza"error: invalid input value for enum platforms: "Zaza"error: invalid input value for enum platforms: "Zaza"',     at chai.request.get.end (/home/armine_ha/Desktop/integration-microservice/tests/integrationRouter.test.ts:143:44),     at Test.Request.callback (/home/armine_ha/Desktop/integration-microservice/node_modules/superagent/lib/node/index.js:716:12),     at parser (/home/armine_ha/Desktop/integration-microservice/node_modules/superagent/lib/node/index.js:916:18),     at IncomingMessage.res.on.e (/home/armine_ha/Desktop/integration-microservice/node_modules/superagent/lib/node/parsers/json.js:19:7),     at emitNone (events.js:91:20),     at IncomingMessage.emit (events.js:185:7),     at endReadableNT (_stream_readable.js:974:12),     at _combinedTickCallback (internal/process/next_tick.js:80:11),     at process._tickCallback (internal/process/next_tick.js:104:9)]
2018-10-31T14:27:16.134Z - [31merror[39m: uncaughtException: expected { Object (code, message) } to have property 'message' of 'Invalid request parameters', but got 'Invalid request parameterserror: invalid input value for enum platforms: "Zaza"error: invalid input value for enum platforms: "Zaza"error: invalid input value for enum platforms: "Zaza"' date=Wed Oct 31 2018 18:27:16 GMT+0400 (+04), pid=11563, uid=10891, gid=10030, cwd=/home/armine_ha/Desktop/integration-microservice, execPath=/home/armine_ha/.nvm/versions/node/v6.11.3/bin/node, version=v6.11.3, argv=[/home/armine_ha/.nvm/versions/node/v6.11.3/bin/node, /home/armine_ha/Desktop/integration-microservice/node_modules/mocha/bin/_mocha, --reporter, spec, --compilers, ts:ts-node/register, tests/**/*.test.ts], rss=174653440, heapTotal=125472768, heapUsed=99708448, external=186300, loadavg=[0.7685546875, 0.85595703125, 0.89892578125], uptime=117136, trace=[column=44, file=/home/armine_ha/Desktop/integration-microservice/tests/integrationRouter.test.ts, function=chai.request.get.set.end, line=169, method=end, native=false, column=12, file=/home/armine_ha/Desktop/integration-microservice/node_modules/superagent/lib/node/index.js, function=Test.Request.callback, line=716, method=callback, native=false, column=18, file=/home/armine_ha/Desktop/integration-microservice/node_modules/superagent/lib/node/index.js, function=parser, line=916, method=null, native=false, column=7, file=/home/armine_ha/Desktop/integration-microservice/node_modules/superagent/lib/node/parsers/json.js, function=IncomingMessage.res.on.e, line=19, method=e, native=false, column=20, file=events.js, function=emitNone, line=91, method=null, native=false, column=7, file=events.js, function=IncomingMessage.emit, line=185, method=emit, native=false, column=12, file=_stream_readable.js, function=endReadableNT, line=974, method=null, native=false, column=11, file=internal/process/next_tick.js, function=_combinedTickCallback, line=80, method=null, native=false, column=9, file=internal/process/next_tick.js, function=process._tickCallback, line=104, method=_tickCallback, native=false], stack=[AssertionError: expected { Object (code, message) } to have property 'message' of 'Invalid request parameters', but got 'Invalid request parameterserror: invalid input value for enum platforms: "Zaza"error: invalid input value for enum platforms: "Zaza"error: invalid input value for enum platforms: "Zaza"',     at chai.request.get.set.end (/home/armine_ha/Desktop/integration-microservice/tests/integrationRouter.test.ts:169:44),     at Test.Request.callback (/home/armine_ha/Desktop/integration-microservice/node_modules/superagent/lib/node/index.js:716:12),     at parser (/home/armine_ha/Desktop/integration-microservice/node_modules/superagent/lib/node/index.js:916:18),     at IncomingMessage.res.on.e (/home/armine_ha/Desktop/integration-microservice/node_modules/superagent/lib/node/parsers/json.js:19:7),     at emitNone (events.js:91:20),     at IncomingMessage.emit (events.js:185:7),     at endReadableNT (_stream_readable.js:974:12),     at _combinedTickCallback (internal/process/next_tick.js:80:11),     at process._tickCallback (internal/process/next_tick.js:104:9)]
2018-10-31T14:27:16.148Z - [31merror[39m: uncaughtException: expected { Object (domain, _events, ...) } to have status code 204 but got 200 date=Wed Oct 31 2018 18:27:16 GMT+0400 (+04), pid=11563, uid=10891, gid=10030, cwd=/home/armine_ha/Desktop/integration-microservice, execPath=/home/armine_ha/.nvm/versions/node/v6.11.3/bin/node, version=v6.11.3, argv=[/home/armine_ha/.nvm/versions/node/v6.11.3/bin/node, /home/armine_ha/Desktop/integration-microservice/node_modules/mocha/bin/_mocha, --reporter, spec, --compilers, ts:ts-node/register, tests/**/*.test.ts], rss=174653440, heapTotal=125472768, heapUsed=102297144, external=195462, loadavg=[0.7685546875, 0.85595703125, 0.89892578125], uptime=117136, trace=[column=33, file=/home/armine_ha/Desktop/integration-microservice/tests/integrationRouter.test.ts, function=chai.request.put.end, line=197, method=end, native=false, column=12, file=/home/armine_ha/Desktop/integration-microservice/node_modules/superagent/lib/node/index.js, function=Test.Request.callback, line=716, method=callback, native=false, column=18, file=/home/armine_ha/Desktop/integration-microservice/node_modules/superagent/lib/node/index.js, function=parser, line=916, method=null, native=false, column=7, file=/home/armine_ha/Desktop/integration-microservice/node_modules/superagent/lib/node/parsers/json.js, function=IncomingMessage.res.on.e, line=19, method=e, native=false, column=20, file=events.js, function=emitNone, line=91, method=null, native=false, column=7, file=events.js, function=IncomingMessage.emit, line=185, method=emit, native=false, column=12, file=_stream_readable.js, function=endReadableNT, line=974, method=null, native=false, column=11, file=internal/process/next_tick.js, function=_combinedTickCallback, line=80, method=null, native=false, column=9, file=internal/process/next_tick.js, function=process._tickCallback, line=104, method=_tickCallback, native=false], stack=[AssertionError: expected { Object (domain, _events, ...) } to have status code 204 but got 200,     at chai.request.put.end (/home/armine_ha/Desktop/integration-microservice/tests/integrationRouter.test.ts:197:33),     at Test.Request.callback (/home/armine_ha/Desktop/integration-microservice/node_modules/superagent/lib/node/index.js:716:12),     at parser (/home/armine_ha/Desktop/integration-microservice/node_modules/superagent/lib/node/index.js:916:18),     at IncomingMessage.res.on.e (/home/armine_ha/Desktop/integration-microservice/node_modules/superagent/lib/node/parsers/json.js:19:7),     at emitNone (events.js:91:20),     at IncomingMessage.emit (events.js:185:7),     at endReadableNT (_stream_readable.js:974:12),     at _combinedTickCallback (internal/process/next_tick.js:80:11),     at process._tickCallback (internal/process/next_tick.js:104:9)]
2018-10-31T14:27:16.159Z - [31merror[39m: uncaughtException: expected { Object (domain, _events, ...) } to have status code 404 but got 200 date=Wed Oct 31 2018 18:27:16 GMT+0400 (+04), pid=11563, uid=10891, gid=10030, cwd=/home/armine_ha/Desktop/integration-microservice, execPath=/home/armine_ha/.nvm/versions/node/v6.11.3/bin/node, version=v6.11.3, argv=[/home/armine_ha/.nvm/versions/node/v6.11.3/bin/node, /home/armine_ha/Desktop/integration-microservice/node_modules/mocha/bin/_mocha, --reporter, spec, --compilers, ts:ts-node/register, tests/**/*.test.ts], rss=178167808, heapTotal=129667072, heapUsed=93169432, external=83520, loadavg=[0.7685546875, 0.85595703125, 0.89892578125], uptime=117136, trace=[column=33, file=/home/armine_ha/Desktop/integration-microservice/tests/integrationRouter.test.ts, function=chai.request.put.send.end, line=212, method=end, native=false, column=12, file=/home/armine_ha/Desktop/integration-microservice/node_modules/superagent/lib/node/index.js, function=Test.Request.callback, line=716, method=callback, native=false, column=18, file=/home/armine_ha/Desktop/integration-microservice/node_modules/superagent/lib/node/index.js, function=parser, line=916, method=null, native=false, column=7, file=/home/armine_ha/Desktop/integration-microservice/node_modules/superagent/lib/node/parsers/json.js, function=IncomingMessage.res.on.e, line=19, method=e, native=false, column=20, file=events.js, function=emitNone, line=91, method=null, native=false, column=7, file=events.js, function=IncomingMessage.emit, line=185, method=emit, native=false, column=12, file=_stream_readable.js, function=endReadableNT, line=974, method=null, native=false, column=11, file=internal/process/next_tick.js, function=_combinedTickCallback, line=80, method=null, native=false, column=9, file=internal/process/next_tick.js, function=process._tickCallback, line=104, method=_tickCallback, native=false], stack=[AssertionError: expected { Object (domain, _events, ...) } to have status code 404 but got 200,     at chai.request.put.send.end (/home/armine_ha/Desktop/integration-microservice/tests/integrationRouter.test.ts:212:33),     at Test.Request.callback (/home/armine_ha/Desktop/integration-microservice/node_modules/superagent/lib/node/index.js:716:12),     at parser (/home/armine_ha/Desktop/integration-microservice/node_modules/superagent/lib/node/index.js:916:18),     at IncomingMessage.res.on.e (/home/armine_ha/Desktop/integration-microservice/node_modules/superagent/lib/node/parsers/json.js:19:7),     at emitNone (events.js:91:20),     at IncomingMessage.emit (events.js:185:7),     at endReadableNT (_stream_readable.js:974:12),     at _combinedTickCallback (internal/process/next_tick.js:80:11),     at process._tickCallback (internal/process/next_tick.js:104:9)]
2018-10-31T14:27:16.167Z - [31merror[39m: uncaughtException: expected { status: false, platform: 'magento' } to have property 'status' of true, but got false date=Wed Oct 31 2018 18:27:16 GMT+0400 (+04), pid=11563, uid=10891, gid=10030, cwd=/home/armine_ha/Desktop/integration-microservice, execPath=/home/armine_ha/.nvm/versions/node/v6.11.3/bin/node, version=v6.11.3, argv=[/home/armine_ha/.nvm/versions/node/v6.11.3/bin/node, /home/armine_ha/Desktop/integration-microservice/node_modules/mocha/bin/_mocha, --reporter, spec, --compilers, ts:ts-node/register, tests/**/*.test.ts], rss=178167808, heapTotal=129667072, heapUsed=93686960, external=92720, loadavg=[0.7685546875, 0.85595703125, 0.89892578125], uptime=117136, trace=[column=44, file=/home/armine_ha/Desktop/integration-microservice/tests/integrationRouter.test.ts, function=chai.request.del.send.end, line=248, method=end, native=false, column=12, file=/home/armine_ha/Desktop/integration-microservice/node_modules/superagent/lib/node/index.js, function=Test.Request.callback, line=716, method=callback, native=false, column=18, file=/home/armine_ha/Desktop/integration-microservice/node_modules/superagent/lib/node/index.js, function=parser, line=916, method=null, native=false, column=7, file=/home/armine_ha/Desktop/integration-microservice/node_modules/superagent/lib/node/parsers/json.js, function=IncomingMessage.res.on.e, line=19, method=e, native=false, column=20, file=events.js, function=emitNone, line=91, method=null, native=false, column=7, file=events.js, function=IncomingMessage.emit, line=185, method=emit, native=false, column=12, file=_stream_readable.js, function=endReadableNT, line=974, method=null, native=false, column=11, file=internal/process/next_tick.js, function=_combinedTickCallback, line=80, method=null, native=false, column=9, file=internal/process/next_tick.js, function=process._tickCallback, line=104, method=_tickCallback, native=false], stack=[AssertionError: expected { status: false, platform: 'magento' } to have property 'status' of true, but got false,     at chai.request.del.send.end (/home/armine_ha/Desktop/integration-microservice/tests/integrationRouter.test.ts:248:44),     at Test.Request.callback (/home/armine_ha/Desktop/integration-microservice/node_modules/superagent/lib/node/index.js:716:12),     at parser (/home/armine_ha/Desktop/integration-microservice/node_modules/superagent/lib/node/index.js:916:18),     at IncomingMessage.res.on.e (/home/armine_ha/Desktop/integration-microservice/node_modules/superagent/lib/node/parsers/json.js:19:7),     at emitNone (events.js:91:20),     at IncomingMessage.emit (events.js:185:7),     at endReadableNT (_stream_readable.js:974:12),     at _combinedTickCallback (internal/process/next_tick.js:80:11),     at process._tickCallback (internal/process/next_tick.js:104:9)]
2018-10-31T14:27:16.169Z - [31merror[39m: uncaughtException: expected { status: false } to equal {} date=Wed Oct 31 2018 18:27:16 GMT+0400 (+04), pid=11563, uid=10891, gid=10030, cwd=/home/armine_ha/Desktop/integration-microservice, execPath=/home/armine_ha/.nvm/versions/node/v6.11.3/bin/node, version=v6.11.3, argv=[/home/armine_ha/.nvm/versions/node/v6.11.3/bin/node, /home/armine_ha/Desktop/integration-microservice/node_modules/mocha/bin/_mocha, --reporter, spec, --compilers, ts:ts-node/register, tests/**/*.test.ts], rss=178167808, heapTotal=129667072, heapUsed=94020216, external=93202, loadavg=[0.7685546875, 0.85595703125, 0.89892578125], uptime=117136, trace=[column=44, file=/home/armine_ha/Desktop/integration-microservice/tests/integrationRouter.test.ts, function=chai.request.del.send.end, line=258, method=end, native=false, column=12, file=/home/armine_ha/Desktop/integration-microservice/node_modules/superagent/lib/node/index.js, function=Test.Request.callback, line=716, method=callback, native=false, column=18, file=/home/armine_ha/Desktop/integration-microservice/node_modules/superagent/lib/node/index.js, function=parser, line=916, method=null, native=false, column=7, file=/home/armine_ha/Desktop/integration-microservice/node_modules/superagent/lib/node/parsers/json.js, function=IncomingMessage.res.on.e, line=19, method=e, native=false, column=20, file=events.js, function=emitNone, line=91, method=null, native=false, column=7, file=events.js, function=IncomingMessage.emit, line=185, method=emit, native=false, column=12, file=_stream_readable.js, function=endReadableNT, line=974, method=null, native=false, column=11, file=internal/process/next_tick.js, function=_combinedTickCallback, line=80, method=null, native=false, column=9, file=internal/process/next_tick.js, function=process._tickCallback, line=104, method=_tickCallback, native=false], stack=[AssertionError: expected { status: false } to equal {},     at chai.request.del.send.end (/home/armine_ha/Desktop/integration-microservice/tests/integrationRouter.test.ts:258:44),     at Test.Request.callback (/home/armine_ha/Desktop/integration-microservice/node_modules/superagent/lib/node/index.js:716:12),     at parser (/home/armine_ha/Desktop/integration-microservice/node_modules/superagent/lib/node/index.js:916:18),     at IncomingMessage.res.on.e (/home/armine_ha/Desktop/integration-microservice/node_modules/superagent/lib/node/parsers/json.js:19:7),     at emitNone (events.js:91:20),     at IncomingMessage.emit (events.js:185:7),     at endReadableNT (_stream_readable.js:974:12),     at _combinedTickCallback (internal/process/next_tick.js:80:11),     at process._tickCallback (internal/process/next_tick.js:104:9)]
2018-10-31T14:27:16.175Z - [31merror[39m: uncaughtException: expected { Object (code, message) } to have property 'message' of 'Invalid request parameterserror: invalid input value for enum platforms: "Zaza"', but got 'Invalid request parameterserror: invalid input value for enum platforms: "Zaza"error: invalid input value for enum platforms: "Zaza"error: invalid input value for enum platforms: "Zaza"error: invalid input value for enum platforms: "Zaza"' date=Wed Oct 31 2018 18:27:16 GMT+0400 (+04), pid=11563, uid=10891, gid=10030, cwd=/home/armine_ha/Desktop/integration-microservice, execPath=/home/armine_ha/.nvm/versions/node/v6.11.3/bin/node, version=v6.11.3, argv=[/home/armine_ha/.nvm/versions/node/v6.11.3/bin/node, /home/armine_ha/Desktop/integration-microservice/node_modules/mocha/bin/_mocha, --reporter, spec, --compilers, ts:ts-node/register, tests/**/*.test.ts], rss=178413568, heapTotal=130715648, heapUsed=94451136, external=102142, loadavg=[0.7685546875, 0.85595703125, 0.89892578125], uptime=117136, trace=[column=44, file=/home/armine_ha/Desktop/integration-microservice/tests/integrationRouter.test.ts, function=chai.request.del.send.end, line=273, method=end, native=false, column=12, file=/home/armine_ha/Desktop/integration-microservice/node_modules/superagent/lib/node/index.js, function=Test.Request.callback, line=716, method=callback, native=false, column=18, file=/home/armine_ha/Desktop/integration-microservice/node_modules/superagent/lib/node/index.js, function=parser, line=916, method=null, native=false, column=7, file=/home/armine_ha/Desktop/integration-microservice/node_modules/superagent/lib/node/parsers/json.js, function=IncomingMessage.res.on.e, line=19, method=e, native=false, column=20, file=events.js, function=emitNone, line=91, method=null, native=false, column=7, file=events.js, function=IncomingMessage.emit, line=185, method=emit, native=false, column=12, file=_stream_readable.js, function=endReadableNT, line=974, method=null, native=false, column=11, file=internal/process/next_tick.js, function=_combinedTickCallback, line=80, method=null, native=false, column=9, file=internal/process/next_tick.js, function=process._tickCallback, line=104, method=_tickCallback, native=false], stack=[AssertionError: expected { Object (code, message) } to have property 'message' of 'Invalid request parameterserror: invalid input value for enum platforms: "Zaza"', but got 'Invalid request parameterserror: invalid input value for enum platforms: "Zaza"error: invalid input value for enum platforms: "Zaza"error: invalid input value for enum platforms: "Zaza"error: invalid input value for enum platforms: "Zaza"',     at chai.request.del.send.end (/home/armine_ha/Desktop/integration-microservice/tests/integrationRouter.test.ts:273:44),     at Test.Request.callback (/home/armine_ha/Desktop/integration-microservice/node_modules/superagent/lib/node/index.js:716:12),     at parser (/home/armine_ha/Desktop/integration-microservice/node_modules/superagent/lib/node/index.js:916:18),     at IncomingMessage.res.on.e (/home/armine_ha/Desktop/integration-microservice/node_modules/superagent/lib/node/parsers/json.js:19:7),     at emitNone (events.js:91:20),     at IncomingMessage.emit (events.js:185:7),     at endReadableNT (_stream_readable.js:974:12),     at _combinedTickCallback (internal/process/next_tick.js:80:11),     at process._tickCallback (internal/process/next_tick.js:104:9)]
